<?xml version="1.0" encoding="UTF-8"?>
<!-- Generated by org.testng.reporters.JUnitXMLReporter -->
<testsuite hostname="Sreejith" ignored="0" name="Test" tests="5" failures="1" timestamp="01 Apr 2021 19:50:26 GMT" time="55.238" errors="0">
  <testcase name="initializeBrowserTest" time="3.796" classname="Academy.HomePage"/>
  <testcase name="initializeBrowserTest" time="3.71" classname="Academy.HomePage"/>
  <testcase name="initializeBrowserTest" time="3.791" classname="Academy.HomePage"/>
  <testcase name="validateTitle" time="0.081" classname="Academy.HomePage">
    <failure type="java.lang.AssertionError" message="expected [FEATURED COURSES] but found [Featured Courses]">
      <![CDATA[java.lang.AssertionError: expected [FEATURED COURSES] but found [Featured Courses]
at Academy.HomePage.validateTitle(HomePage.java:61)
... Removed 31 stack frames]]>
    </failure>
  </testcase> <!-- validateTitle -->
  <testcase name="validationPresenceOfNavigationBar" time="0.148" classname="Academy.HomePage"/>
</testsuite> <!-- Test -->
