<?xml version="1.0" encoding="UTF-8"?>
<!-- Generated by org.testng.reporters.JUnitXMLReporter -->
<testsuite hostname="Sreejith" ignored="0" name="Test" tests="5" failures="0" timestamp="13 Apr 2021 00:02:27 GMT" time="87.389" errors="0">
  <testcase name="initializeBrowserTest" time="3.746" classname="Academy.HomePage"/>
  <testcase name="initializeBrowserTest" time="2.887" classname="Academy.HomePage"/>
  <testcase name="initializeBrowserTest" time="2.899" classname="Academy.HomePage"/>
  <testcase name="validateTitle" time="0.129" classname="Academy.HomePage"/>
  <testcase name="validationPresenceOfNavigationBar" time="0.424" classname="Academy.HomePage"/>
</testsuite> <!-- Test -->
