<?xml version="1.0" encoding="UTF-8"?>
<testng-results skipped="0" failed="0" ignored="0" total="5" passed="5">
  <reporter-output>
  </reporter-output>
  <suite name="Suite" duration-ms="50596" started-at="2021-04-13T00:21:31Z" finished-at="2021-04-13T00:22:21Z">
    <groups>
    </groups>
    <test name="Test" duration-ms="50596" started-at="2021-04-13T00:21:31Z" finished-at="2021-04-13T00:22:21Z">
      <class name="Academy.HomePage">
        <test-method status="PASS" signature="initializeTest()[pri:0, instance:Academy.HomePage@e350b40]" name="initializeTest" is-config="true" duration-ms="8729" started-at="2021-04-13T00:21:31Z" finished-at="2021-04-13T00:21:40Z">
          <reporter-output>
          </reporter-output>
        </test-method> <!-- initializeTest -->
        <test-method status="PASS" signature="initializeBrowserTest(java.lang.String, java.lang.String)[pri:0, instance:Academy.HomePage@e350b40]" name="initializeBrowserTest" duration-ms="2927" started-at="2021-04-13T00:21:40Z" data-provider="dataSet" finished-at="2021-04-13T00:21:43Z">
          <params>
            <param index="0">
              <value>
                <![CDATA[abc@gmail.com]]>
              </value>
            </param>
            <param index="1">
              <value>
                <![CDATA[1234567]]>
              </value>
            </param>
          </params>
          <reporter-output>
          </reporter-output>
        </test-method> <!-- initializeBrowserTest -->
        <test-method status="PASS" signature="tearDown()[pri:0, instance:Academy.HomePage@e350b40]" name="tearDown" is-config="true" duration-ms="111" started-at="2021-04-13T00:21:43Z" finished-at="2021-04-13T00:21:43Z">
          <reporter-output>
          </reporter-output>
        </test-method> <!-- tearDown -->
        <test-method status="PASS" signature="initializeTest()[pri:0, instance:Academy.HomePage@e350b40]" name="initializeTest" is-config="true" duration-ms="8465" started-at="2021-04-13T00:21:43Z" finished-at="2021-04-13T00:21:51Z">
          <reporter-output>
          </reporter-output>
        </test-method> <!-- initializeTest -->
        <test-method status="PASS" signature="initializeBrowserTest(java.lang.String, java.lang.String)[pri:0, instance:Academy.HomePage@e350b40]" name="initializeBrowserTest" duration-ms="2849" started-at="2021-04-13T00:21:51Z" data-provider="dataSet" finished-at="2021-04-13T00:21:54Z">
          <params>
            <param index="0">
              <value>
                <![CDATA[def@gmail.com]]>
              </value>
            </param>
            <param index="1">
              <value>
                <![CDATA[7654321]]>
              </value>
            </param>
          </params>
          <reporter-output>
          </reporter-output>
        </test-method> <!-- initializeBrowserTest -->
        <test-method status="PASS" signature="tearDown()[pri:0, instance:Academy.HomePage@e350b40]" name="tearDown" is-config="true" duration-ms="157" started-at="2021-04-13T00:21:54Z" finished-at="2021-04-13T00:21:54Z">
          <reporter-output>
          </reporter-output>
        </test-method> <!-- tearDown -->
        <test-method status="PASS" signature="initializeTest()[pri:0, instance:Academy.HomePage@e350b40]" name="initializeTest" is-config="true" duration-ms="6622" started-at="2021-04-13T00:21:54Z" finished-at="2021-04-13T00:22:01Z">
          <reporter-output>
          </reporter-output>
        </test-method> <!-- initializeTest -->
        <test-method status="PASS" signature="initializeBrowserTest(java.lang.String, java.lang.String)[pri:0, instance:Academy.HomePage@e350b40]" name="initializeBrowserTest" duration-ms="2763" started-at="2021-04-13T00:22:01Z" data-provider="dataSet" finished-at="2021-04-13T00:22:04Z">
          <params>
            <param index="0">
              <value>
                <![CDATA[ghi@gmail.com]]>
              </value>
            </param>
            <param index="1">
              <value>
                <![CDATA[45877]]>
              </value>
            </param>
          </params>
          <reporter-output>
          </reporter-output>
        </test-method> <!-- initializeBrowserTest -->
        <test-method status="PASS" signature="tearDown()[pri:0, instance:Academy.HomePage@e350b40]" name="tearDown" is-config="true" duration-ms="141" started-at="2021-04-13T00:22:04Z" finished-at="2021-04-13T00:22:04Z">
          <reporter-output>
          </reporter-output>
        </test-method> <!-- tearDown -->
        <test-method status="PASS" signature="initializeTest()[pri:0, instance:Academy.HomePage@e350b40]" name="initializeTest" is-config="true" duration-ms="7589" started-at="2021-04-13T00:22:04Z" finished-at="2021-04-13T00:22:11Z">
          <reporter-output>
          </reporter-output>
        </test-method> <!-- initializeTest -->
        <test-method status="PASS" signature="validateTitle()[pri:0, instance:Academy.HomePage@e350b40]" name="validateTitle" duration-ms="137" started-at="2021-04-13T00:22:11Z" finished-at="2021-04-13T00:22:11Z">
          <reporter-output>
          </reporter-output>
        </test-method> <!-- validateTitle -->
        <test-method status="PASS" signature="tearDown()[pri:0, instance:Academy.HomePage@e350b40]" name="tearDown" is-config="true" duration-ms="173" started-at="2021-04-13T00:22:11Z" finished-at="2021-04-13T00:22:12Z">
          <reporter-output>
          </reporter-output>
        </test-method> <!-- tearDown -->
        <test-method status="PASS" signature="initializeTest()[pri:0, instance:Academy.HomePage@e350b40]" name="initializeTest" is-config="true" duration-ms="9654" started-at="2021-04-13T00:22:12Z" finished-at="2021-04-13T00:22:21Z">
          <reporter-output>
          </reporter-output>
        </test-method> <!-- initializeTest -->
        <test-method status="PASS" signature="validationPresenceOfNavigationBar()[pri:0, instance:Academy.HomePage@e350b40]" name="validationPresenceOfNavigationBar" duration-ms="128" started-at="2021-04-13T00:22:21Z" finished-at="2021-04-13T00:22:21Z">
          <reporter-output>
          </reporter-output>
        </test-method> <!-- validationPresenceOfNavigationBar -->
        <test-method status="PASS" signature="tearDown()[pri:0, instance:Academy.HomePage@e350b40]" name="tearDown" is-config="true" duration-ms="116" started-at="2021-04-13T00:22:21Z" finished-at="2021-04-13T00:22:21Z">
          <reporter-output>
          </reporter-output>
        </test-method> <!-- tearDown -->
      </class> <!-- Academy.HomePage -->
    </test> <!-- Test -->
  </suite> <!-- Suite -->
</testng-results>
